This is pdfTeX, Version 3.141592653-2.6-1.40.25 (MiKTeX 24.1) (preloaded format=pdflatex 2024.10.8)  6 APR 2025 20:13
entering extended mode
 restricted \write18 enabled.
 file:line:error style messages enabled.
 %&-line parsing enabled.
**"d:/Physics Pen/LaTeX/Exams/Belarus/2025/Final/11/main.tex"
(d:/Physics Pen/LaTeX/Exams/Belarus/2025/Final/11/main.tex
LaTeX2e <2023-11-01> patch level 1
L3 programming layer <2024-01-04>
(C:\Users\LENOVO\AppData\Local\Programs\MiKTeX\tex/latex/base\article.cls
Document Class: article 2023/05/17 v1.4n Standard LaTeX document class
(C:\Users\LENOVO\AppData\Local\Programs\MiKTeX\tex/latex/base\size12.clo
File: size12.clo 2023/05/17 v1.4n Standard LaTeX file (size option)
)
\c@part=\count187
\c@section=\count188
\c@subsection=\count189
\c@subsubsection=\count190
\c@paragraph=\count191
\c@subparagraph=\count192
\c@figure=\count193
\c@table=\count194
\abovecaptionskip=\skip48
\belowcaptionskip=\skip49
\bibindent=\dimen140
) (C:\Users\LENOVO\AppData\Local\Programs\MiKTeX\tex/latex/geometry\geometry.sty
Package: geometry 2020/01/02 v5.9 Page Geometry
 (C:\Users\LENOVO\AppData\Local\Programs\MiKTeX\tex/latex/graphics\keyval.sty
Package: keyval 2022/05/29 v1.15 key=value parser (DPC)
\KV@toks@=\toks17
) (C:\Users\LENOVO\AppData\Local\Programs\MiKTeX\tex/generic/iftex\ifvtex.sty
Package: ifvtex 2019/10/25 v1.7 ifvtex legacy package. Use iftex instead.
 (C:\Users\LENOVO\AppData\Local\Programs\MiKTeX\tex/generic/iftex\iftex.sty
Package: iftex 2022/02/03 v1.0f TeX engine tests
))
\Gm@cnth=\count195
\Gm@cntv=\count196
\c@Gm@tempcnt=\count197
\Gm@bindingoffset=\dimen141
\Gm@wd@mp=\dimen142
\Gm@odd@mp=\dimen143
\Gm@even@mp=\dimen144
\Gm@layoutwidth=\dimen145
\Gm@layoutheight=\dimen146
\Gm@layouthoffset=\dimen147
\Gm@layoutvoffset=\dimen148
\Gm@dimlist=\toks18
 (C:\Users\LENOVO\AppData\Local\Programs\MiKTeX\tex/latex/geometry\geometry.cfg)) (C:\Users\LENOVO\AppData\Local\Programs\MiKTeX\tex/latex/vntex\vietnam.sty
Package: vietnam 2009/07/12 v1.3 support for Vietnamese
 (C:\Users\LENOVO\AppData\Local\Programs\MiKTeX\tex/latex/base\ifthen.sty
Package: ifthen 2022/04/13 v1.1d Standard LaTeX ifthen package (DPC)
) (C:\Users\LENOVO\AppData\Local\Programs\MiKTeX\tex/latex/base\fontenc.sty
Package: fontenc 2021/04/29 v2.0v Standard LaTeX package
 (C:\Users\LENOVO\AppData\Local\Programs\MiKTeX\tex/latex/vntex\t5enc.def
File: t5enc.def 2006/11/21 v1.4 Vietnamese T5 encoding
Now handling font encoding T5 ...
... processing UTF-8 mapping file for font encoding T5
 (C:\Users\LENOVO\AppData\Local\Programs\MiKTeX\tex/latex/vntex\t5enc.dfu
File: t5enc.dfu 2006/08/19 v1.1 UTF8 support for Vietnamese
   defining Unicode char U+00AB (decimal 171)
   defining Unicode char U+00BB (decimal 187)
   defining Unicode char U+00C0 (decimal 192)
   defining Unicode char U+00C1 (decimal 193)
   defining Unicode char U+00C2 (decimal 194)
   defining Unicode char U+00C3 (decimal 195)
   defining Unicode char U+00C8 (decimal 200)
   defining Unicode char U+00C9 (decimal 201)
   defining Unicode char U+00CA (decimal 202)
   defining Unicode char U+00CC (decimal 204)
   defining Unicode char U+00CD (decimal 205)
   defining Unicode char U+00D2 (decimal 210)
   defining Unicode char U+00D3 (decimal 211)
   defining Unicode char U+00D4 (decimal 212)
   defining Unicode char U+00D5 (decimal 213)
   defining Unicode char U+00D9 (decimal 217)
   defining Unicode char U+00DA (decimal 218)
   defining Unicode char U+00DD (decimal 221)
   defining Unicode char U+00E0 (decimal 224)
   defining Unicode char U+00E1 (decimal 225)
   defining Unicode char U+00E2 (decimal 226)
   defining Unicode char U+00E3 (decimal 227)
   defining Unicode char U+00E8 (decimal 232)
   defining Unicode char U+00E9 (decimal 233)
   defining Unicode char U+00EA (decimal 234)
   defining Unicode char U+00EC (decimal 236)
   defining Unicode char U+00ED (decimal 237)
   defining Unicode char U+00F2 (decimal 242)
   defining Unicode char U+00F3 (decimal 243)
   defining Unicode char U+00F4 (decimal 244)
   defining Unicode char U+00F5 (decimal 245)
   defining Unicode char U+00F9 (decimal 249)
   defining Unicode char U+00FA (decimal 250)
   defining Unicode char U+00FD (decimal 253)
   defining Unicode char U+0102 (decimal 258)
   defining Unicode char U+0103 (decimal 259)
   defining Unicode char U+0110 (decimal 272)
   defining Unicode char U+0111 (decimal 273)
   defining Unicode char U+0128 (decimal 296)
   defining Unicode char U+0129 (decimal 297)
   defining Unicode char U+0131 (decimal 305)
   defining Unicode char U+0168 (decimal 360)
   defining Unicode char U+0169 (decimal 361)
   defining Unicode char U+01A0 (decimal 416)
   defining Unicode char U+01A1 (decimal 417)
   defining Unicode char U+01AF (decimal 431)
   defining Unicode char U+01B0 (decimal 432)
   defining Unicode char U+1EA0 (decimal 7840)
   defining Unicode char U+1EA1 (decimal 7841)
   defining Unicode char U+1EA2 (decimal 7842)
   defining Unicode char U+1EA3 (decimal 7843)
   defining Unicode char U+1EA4 (decimal 7844)
   defining Unicode char U+1EA5 (decimal 7845)
   defining Unicode char U+1EA6 (decimal 7846)
   defining Unicode char U+1EA7 (decimal 7847)
   defining Unicode char U+1EA8 (decimal 7848)
   defining Unicode char U+1EA9 (decimal 7849)
   defining Unicode char U+1EAA (decimal 7850)
   defining Unicode char U+1EAB (decimal 7851)
   defining Unicode char U+1EAC (decimal 7852)
   defining Unicode char U+1EAD (decimal 7853)
   defining Unicode char U+1EAE (decimal 7854)
   defining Unicode char U+1EAF (decimal 7855)
   defining Unicode char U+1EB0 (decimal 7856)
   defining Unicode char U+1EB1 (decimal 7857)
   defining Unicode char U+1EB2 (decimal 7858)
   defining Unicode char U+1EB3 (decimal 7859)
   defining Unicode char U+1EB4 (decimal 7860)
   defining Unicode char U+1EB5 (decimal 7861)
   defining Unicode char U+1EB6 (decimal 7862)
   defining Unicode char U+1EB7 (decimal 7863)
   defining Unicode char U+1EB8 (decimal 7864)
   defining Unicode char U+1EB9 (decimal 7865)
   defining Unicode char U+1EBA (decimal 7866)
   defining Unicode char U+1EBB (decimal 7867)
   defining Unicode char U+1EBC (decimal 7868)
   defining Unicode char U+1EBD (decimal 7869)
   defining Unicode char U+1EBE (decimal 7870)
   defining Unicode char U+1EBF (decimal 7871)
   defining Unicode char U+1EC0 (decimal 7872)
   defining Unicode char U+1EC1 (decimal 7873)
   defining Unicode char U+1EC2 (decimal 7874)
   defining Unicode char U+1EC3 (decimal 7875)
   defining Unicode char U+1EC4 (decimal 7876)
   defining Unicode char U+1EC5 (decimal 7877)
   defining Unicode char U+1EC6 (decimal 7878)
   defining Unicode char U+1EC7 (decimal 7879)
   defining Unicode char U+1EC8 (decimal 7880)
   defining Unicode char U+1EC9 (decimal 7881)
   defining Unicode char U+1ECA (decimal 7882)
   defining Unicode char U+1ECB (decimal 7883)
   defining Unicode char U+1ECC (decimal 7884)
   defining Unicode char U+1ECD (decimal 7885)
   defining Unicode char U+1ECE (decimal 7886)
   defining Unicode char U+1ECF (decimal 7887)
   defining Unicode char U+1ED0 (decimal 7888)
   defining Unicode char U+1ED1 (decimal 7889)
   defining Unicode char U+1ED2 (decimal 7890)
   defining Unicode char U+1ED3 (decimal 7891)
   defining Unicode char U+1ED4 (decimal 7892)
   defining Unicode char U+1ED5 (decimal 7893)
   defining Unicode char U+1ED6 (decimal 7894)
   defining Unicode char U+1ED7 (decimal 7895)
   defining Unicode char U+1ED8 (decimal 7896)
   defining Unicode char U+1ED9 (decimal 7897)
   defining Unicode char U+1EDA (decimal 7898)
   defining Unicode char U+1EDB (decimal 7899)
   defining Unicode char U+1EDC (decimal 7900)
   defining Unicode char U+1EDD (decimal 7901)
   defining Unicode char U+1EDE (decimal 7902)
   defining Unicode char U+1EDF (decimal 7903)
   defining Unicode char U+1EE0 (decimal 7904)
   defining Unicode char U+1EE1 (decimal 7905)
   defining Unicode char U+1EE2 (decimal 7906)
   defining Unicode char U+1EE3 (decimal 7907)
   defining Unicode char U+1EE4 (decimal 7908)
   defining Unicode char U+1EE5 (decimal 7909)
   defining Unicode char U+1EE6 (decimal 7910)
   defining Unicode char U+1EE7 (decimal 7911)
   defining Unicode char U+1EE8 (decimal 7912)
   defining Unicode char U+1EE9 (decimal 7913)
   defining Unicode char U+1EEA (decimal 7914)
   defining Unicode char U+1EEB (decimal 7915)
   defining Unicode char U+1EEC (decimal 7916)
   defining Unicode char U+1EED (decimal 7917)
   defining Unicode char U+1EEE (decimal 7918)
   defining Unicode char U+1EEF (decimal 7919)
   defining Unicode char U+1EF0 (decimal 7920)
   defining Unicode char U+1EF1 (decimal 7921)
   defining Unicode char U+1EF2 (decimal 7922)
   defining Unicode char U+1EF3 (decimal 7923)
   defining Unicode char U+1EF4 (decimal 7924)
   defining Unicode char U+1EF5 (decimal 7925)
   defining Unicode char U+1EF6 (decimal 7926)
   defining Unicode char U+1EF7 (decimal 7927)
   defining Unicode char U+1EF8 (decimal 7928)
   defining Unicode char U+1EF9 (decimal 7929)
   defining Unicode char U+200C (decimal 8204)
   defining Unicode char U+2013 (decimal 8211)
   defining Unicode char U+2014 (decimal 8212)
   defining Unicode char U+2018 (decimal 8216)
   defining Unicode char U+2019 (decimal 8217)
   defining Unicode char U+201A (decimal 8218)
   defining Unicode char U+201C (decimal 8220)
   defining Unicode char U+201D (decimal 8221)
   defining Unicode char U+201E (decimal 8222)
   defining Unicode char U+2030 (decimal 8240)
   defining Unicode char U+2031 (decimal 8241)
   defining Unicode char U+2039 (decimal 8249)
   defining Unicode char U+203A (decimal 8250)
   defining Unicode char U+2423 (decimal 9251)
))
LaTeX Font Info:    Trying to load font information for T5+cmr on input line 112.
 (C:\Users\LENOVO\AppData\Local\Programs\MiKTeX\tex/latex/vntex\t5cmr.fd
File: t5cmr.fd 1999/05/25 v2.5h Standard LaTeX font definitions
)) (C:\Users\LENOVO\AppData\Local\Programs\MiKTeX\tex/latex/base\inputenc.sty
Package: inputenc 2021/02/14 v1.3d Input encoding file
\inpenc@prehook=\toks19
\inpenc@posthook=\toks20
) (C:\Users\LENOVO\AppData\Local\Programs\MiKTeX\tex/latex/vntex\vncaps.tex
File: vncaps.tex 2006/06/07 v1.1 Captions in Vietnamese
)) (C:\Users\LENOVO\AppData\Local\Programs\MiKTeX\tex/latex/graphics\graphicx.sty
Package: graphicx 2021/09/16 v1.2d Enhanced LaTeX Graphics (DPC,SPQR)
 (C:\Users\LENOVO\AppData\Local\Programs\MiKTeX\tex/latex/graphics\graphics.sty
Package: graphics 2022/03/10 v1.4e Standard LaTeX Graphics (DPC,SPQR)
 (C:\Users\LENOVO\AppData\Local\Programs\MiKTeX\tex/latex/graphics\trig.sty
Package: trig 2021/08/11 v1.11 sin cos tan (DPC)
) (C:\Users\LENOVO\AppData\Local\Programs\MiKTeX\tex/latex/graphics-cfg\graphics.cfg
File: graphics.cfg 2016/06/04 v1.11 sample graphics configuration
)
Package graphics Info: Driver file: pdftex.def on input line 107.
 (C:\Users\LENOVO\AppData\Local\Programs\MiKTeX\tex/latex/graphics-def\pdftex.def
File: pdftex.def 2022/09/22 v1.2b Graphics/color driver for pdftex
))
\Gin@req@height=\dimen149
\Gin@req@width=\dimen150
) (C:\Users\LENOVO\AppData\Local\Programs\MiKTeX\tex/latex/wrapfig\wrapfig.sty
\wrapoverhang=\dimen151
\WF@size=\dimen152
\c@WF@wrappedlines=\count198
\WF@box=\box51
\WF@everypar=\toks21
Package: wrapfig 2003/01/31  v 3.6
) (C:\Users\LENOVO\AppData\Local\Programs\MiKTeX\tex/latex/float\float.sty
Package: float 2001/11/08 v1.3d Float enhancements (AL)
\c@float@type=\count199
\float@exts=\toks22
\float@box=\box52
\@float@everytoks=\toks23
\@floatcapt=\box53
) (C:\Users\LENOVO\AppData\Local\Programs\MiKTeX\tex/latex/caption\subcaption.sty
Package: subcaption 2023/07/28 v1.6b Sub-captions (AR)
 (C:\Users\LENOVO\AppData\Local\Programs\MiKTeX\tex/latex/caption\caption.sty
Package: caption 2023/08/05 v3.6o Customizing captions (AR)
 (C:\Users\LENOVO\AppData\Local\Programs\MiKTeX\tex/latex/caption\caption3.sty
Package: caption3 2023/07/31 v2.4d caption3 kernel (AR)
\caption@tempdima=\dimen153
\captionmargin=\dimen154
\caption@leftmargin=\dimen155
\caption@rightmargin=\dimen156
\caption@width=\dimen157
\caption@indent=\dimen158
\caption@parindent=\dimen159
\caption@hangindent=\dimen160
Package caption Info: Standard document class detected.
)
\c@caption@flags=\count266
\c@continuedfloat=\count267
Package caption Info: float package is loaded.
Package caption Info: wrapfig package is loaded.
)
Package caption Info: New subtype `subfigure' on input line 238.
\c@subfigure=\count268
Package caption Info: New subtype `subtable' on input line 238.
\c@subtable=\count269
) (C:\Users\LENOVO\AppData\Local\Programs\MiKTeX\tex/latex/amsfonts\amsfonts.sty
Package: amsfonts 2013/01/14 v3.01 Basic AMSFonts support
\@emptytoks=\toks24
\symAMSa=\mathgroup4
\symAMSb=\mathgroup5
LaTeX Font Info:    Redeclaring math symbol \hbar on input line 98.
LaTeX Font Info:    Overwriting math alphabet `\mathfrak' in version `bold'
(Font)                  U/euf/m/n --> U/euf/b/n on input line 106.
) (C:\Users\LENOVO\AppData\Local\Programs\MiKTeX\tex/latex/amsmath\amsmath.sty
Package: amsmath 2023/05/13 v2.17o AMS math features
\@mathmargin=\skip50

For additional information on amsmath, use the `?' option.
(C:\Users\LENOVO\AppData\Local\Programs\MiKTeX\tex/latex/amsmath\amstext.sty
Package: amstext 2021/08/26 v2.01 AMS text
 (C:\Users\LENOVO\AppData\Local\Programs\MiKTeX\tex/latex/amsmath\amsgen.sty
File: amsgen.sty 1999/11/30 v2.0 generic functions
\@emptytoks=\toks25
\ex@=\dimen161
)) (C:\Users\LENOVO\AppData\Local\Programs\MiKTeX\tex/latex/amsmath\amsbsy.sty
Package: amsbsy 1999/11/29 v1.2d Bold Symbols
\pmbraise@=\dimen162
) (C:\Users\LENOVO\AppData\Local\Programs\MiKTeX\tex/latex/amsmath\amsopn.sty
Package: amsopn 2022/04/08 v2.04 operator names
)
\inf@bad=\count270
LaTeX Info: Redefining \frac on input line 234.
\uproot@=\count271
\leftroot@=\count272
LaTeX Info: Redefining \overline on input line 399.
LaTeX Info: Redefining \colon on input line 410.
\classnum@=\count273
\DOTSCASE@=\count274
LaTeX Info: Redefining \ldots on input line 496.
LaTeX Info: Redefining \dots on input line 499.
LaTeX Info: Redefining \cdots on input line 620.
\Mathstrutbox@=\box54
\strutbox@=\box55
LaTeX Info: Redefining \big on input line 722.
LaTeX Info: Redefining \Big on input line 723.
LaTeX Info: Redefining \bigg on input line 724.
LaTeX Info: Redefining \Bigg on input line 725.
\big@size=\dimen163
LaTeX Font Info:    Redeclaring font encoding OML on input line 743.
LaTeX Font Info:    Redeclaring font encoding OMS on input line 744.
\macc@depth=\count275
LaTeX Info: Redefining \bmod on input line 905.
LaTeX Info: Redefining \pmod on input line 910.
LaTeX Info: Redefining \smash on input line 940.
LaTeX Info: Redefining \relbar on input line 970.
LaTeX Info: Redefining \Relbar on input line 971.
\c@MaxMatrixCols=\count276
\dotsspace@=\muskip16
\c@parentequation=\count277
\dspbrk@lvl=\count278
\tag@help=\toks26
\row@=\count279
\column@=\count280
\maxfields@=\count281
\andhelp@=\toks27
\eqnshift@=\dimen164
\alignsep@=\dimen165
\tagshift@=\dimen166
\tagwidth@=\dimen167
\totwidth@=\dimen168
\lineht@=\dimen169
\@envbody=\toks28
\multlinegap=\skip51
\multlinetaggap=\skip52
\mathdisplay@stack=\toks29
LaTeX Info: Redefining \[ on input line 2953.
LaTeX Info: Redefining \] on input line 2954.
) (C:\Users\LENOVO\AppData\Local\Programs\MiKTeX\tex/latex/amsfonts\amssymb.sty
Package: amssymb 2013/01/14 v3.01 AMS font symbols
) (C:\Users\LENOVO\AppData\Local\Programs\MiKTeX\tex/latex/siunitx\siunitx.sty
Package: siunitx 2024-09-30 v3.3.22 A comprehensive (SI) units package
\l__siunitx_number_uncert_offset_int=\count282
\l__siunitx_number_exponent_fixed_int=\count283
\l__siunitx_number_min_decimal_int=\count284
\l__siunitx_number_min_integer_int=\count285
\l__siunitx_number_round_precision_int=\count286
\l__siunitx_number_lower_threshold_int=\count287
\l__siunitx_number_upper_threshold_int=\count288
\l__siunitx_number_group_first_int=\count289
\l__siunitx_number_group_size_int=\count290
\l__siunitx_number_group_minimum_int=\count291
\l__siunitx_angle_tmp_dim=\dimen170
\l__siunitx_angle_marker_box=\box56
\l__siunitx_angle_unit_box=\box57
\l__siunitx_compound_count_int=\count292
 (C:\Users\LENOVO\AppData\Local\Programs\MiKTeX\tex/latex/translations\translations.sty
Package: translations 2022/02/05 v1.12 internationalization of LaTeX2e packages (CN)
 (C:\Users\LENOVO\AppData\Local\Programs\MiKTeX\tex/latex/etoolbox\etoolbox.sty
Package: etoolbox 2020/10/05 v2.5k e-TeX tools for LaTeX (JAW)
\etb@tempcnta=\count293
) (C:\Users\LENOVO\AppData\Local\Programs\MiKTeX\tex/generic/pdftexcmds\pdftexcmds.sty
Package: pdftexcmds 2020-06-27 v0.33 Utility functions of pdfTeX for LuaTeX (HO)
 (C:\Users\LENOVO\AppData\Local\Programs\MiKTeX\tex/generic/infwarerr\infwarerr.sty
Package: infwarerr 2019/12/03 v1.5 Providing info/warning/error messages (HO)
) (C:\Users\LENOVO\AppData\Local\Programs\MiKTeX\tex/generic/ltxcmds\ltxcmds.sty
Package: ltxcmds 2023-12-04 v1.26 LaTeX kernel commands for general use (HO)
)
Package pdftexcmds Info: \pdf@primitive is available.
Package pdftexcmds Info: \pdf@ifprimitive is available.
Package pdftexcmds Info: \pdfdraftmode found.
))
\l__siunitx_table_tmp_box=\box58
\l__siunitx_table_tmp_dim=\dimen171
\l__siunitx_table_column_width_dim=\dimen172
\l__siunitx_table_integer_box=\box59
\l__siunitx_table_decimal_box=\box60
\l__siunitx_table_uncert_box=\box61
\l__siunitx_table_before_box=\box62
\l__siunitx_table_after_box=\box63
\l__siunitx_table_before_dim=\dimen173
\l__siunitx_table_carry_dim=\dimen174
\l__siunitx_unit_tmp_int=\count294
\l__siunitx_unit_position_int=\count295
\l__siunitx_unit_total_int=\count296
 (C:\Users\LENOVO\AppData\Local\Programs\MiKTeX\tex/latex/tools\array.sty
Package: array 2023/10/16 v2.5g Tabular extension package (FMi)
\col@sep=\dimen175
\ar@mcellbox=\box64
\extrarowheight=\dimen176
\NC@list=\toks30
\extratabsurround=\skip53
\backup@length=\skip54
\ar@cellbox=\box65
)) (C:\Users\LENOVO\AppData\Local\Programs\MiKTeX\tex/latex/hyperref\hyperref.sty
Package: hyperref 2023-11-26 v7.01g Hypertext links for LaTeX
 (C:\Users\LENOVO\AppData\Local\Programs\MiKTeX\tex/latex/kvsetkeys\kvsetkeys.sty
Package: kvsetkeys 2022-10-05 v1.19 Key value parser (HO)
) (C:\Users\LENOVO\AppData\Local\Programs\MiKTeX\tex/generic/kvdefinekeys\kvdefinekeys.sty
Package: kvdefinekeys 2019-12-19 v1.6 Define keys (HO)
) (C:\Users\LENOVO\AppData\Local\Programs\MiKTeX\tex/generic/pdfescape\pdfescape.sty
Package: pdfescape 2019/12/09 v1.15 Implements pdfTeX's escape features (HO)
) (C:\Users\LENOVO\AppData\Local\Programs\MiKTeX\tex/latex/hycolor\hycolor.sty
Package: hycolor 2020-01-27 v1.10 Color options for hyperref/bookmark (HO)
) (C:\Users\LENOVO\AppData\Local\Programs\MiKTeX\tex/latex/letltxmacro\letltxmacro.sty
Package: letltxmacro 2019/12/03 v1.6 Let assignment for LaTeX macros (HO)
) (C:\Users\LENOVO\AppData\Local\Programs\MiKTeX\tex/latex/auxhook\auxhook.sty
Package: auxhook 2019-12-17 v1.6 Hooks for auxiliary files (HO)
) (C:\Users\LENOVO\AppData\Local\Programs\MiKTeX\tex/latex/hyperref\nameref.sty
Package: nameref 2023-11-26 v2.56 Cross-referencing by name of section
 (C:\Users\LENOVO\AppData\Local\Programs\MiKTeX\tex/latex/refcount\refcount.sty
Package: refcount 2019/12/15 v3.6 Data extraction from label references (HO)
) (C:\Users\LENOVO\AppData\Local\Programs\MiKTeX\tex/generic/gettitlestring\gettitlestring.sty
Package: gettitlestring 2019/12/15 v1.6 Cleanup title references (HO)
 (C:\Users\LENOVO\AppData\Local\Programs\MiKTeX\tex/latex/kvoptions\kvoptions.sty
Package: kvoptions 2022-06-15 v3.15 Key value format for package options (HO)
))
\c@section@level=\count297
)
\@linkdim=\dimen177
\Hy@linkcounter=\count298
\Hy@pagecounter=\count299
 (C:\Users\LENOVO\AppData\Local\Programs\MiKTeX\tex/latex/hyperref\pd1enc.def
File: pd1enc.def 2023-11-26 v7.01g Hyperref: PDFDocEncoding definition (HO)
Now handling font encoding PD1 ...
... no UTF-8 mapping file for font encoding PD1
) (C:\Users\LENOVO\AppData\Local\Programs\MiKTeX\tex/generic/intcalc\intcalc.sty
Package: intcalc 2019/12/15 v1.3 Expandable calculations with integers (HO)
)
\Hy@SavedSpaceFactor=\count300
 (C:\Users\LENOVO\AppData\Local\Programs\MiKTeX\tex/latex/hyperref\puenc.def
File: puenc.def 2023-11-26 v7.01g Hyperref: PDF Unicode definition (HO)
Now handling font encoding PU ...
... no UTF-8 mapping file for font encoding PU
)
Package hyperref Info: Hyper figures OFF on input line 4181.
Package hyperref Info: Link nesting OFF on input line 4186.
Package hyperref Info: Hyper index ON on input line 4189.
Package hyperref Info: Plain pages OFF on input line 4196.
Package hyperref Info: Backreferencing OFF on input line 4201.
Package hyperref Info: Implicit mode ON; LaTeX internals redefined.
Package hyperref Info: Bookmarks ON on input line 4448.
\c@Hy@tempcnt=\count301
 (C:\Users\LENOVO\AppData\Local\Programs\MiKTeX\tex/latex/url\url.sty
\Urlmuskip=\muskip17
Package: url 2013/09/16  ver 3.4  Verb mode for urls, etc.
)
LaTeX Info: Redefining \url on input line 4786.
\XeTeXLinkMargin=\dimen178
 (C:\Users\LENOVO\AppData\Local\Programs\MiKTeX\tex/generic/bitset\bitset.sty
Package: bitset 2019/12/09 v1.3 Handle bit-vector datatype (HO)
 (C:\Users\LENOVO\AppData\Local\Programs\MiKTeX\tex/generic/bigintcalc\bigintcalc.sty
Package: bigintcalc 2019/12/15 v1.5 Expandable calculations on big integers (HO)
))
\Fld@menulength=\count302
\Field@Width=\dimen179
\Fld@charsize=\dimen180
Package hyperref Info: Hyper figures OFF on input line 6065.
Package hyperref Info: Link nesting OFF on input line 6070.
Package hyperref Info: Hyper index ON on input line 6073.
Package hyperref Info: backreferencing OFF on input line 6080.
Package hyperref Info: Link coloring OFF on input line 6085.
Package hyperref Info: Link coloring with OCG OFF on input line 6090.
Package hyperref Info: PDF/A mode OFF on input line 6095.
 (C:\Users\LENOVO\AppData\Local\Programs\MiKTeX\tex/latex/base\atbegshi-ltx.sty
Package: atbegshi-ltx 2021/01/10 v1.0c Emulation of the original atbegshi
package with kernel methods
)
\Hy@abspage=\count303
\c@Item=\count304
\c@Hfootnote=\count305
)
Package hyperref Info: Driver (autodetected): hpdftex.
 (C:\Users\LENOVO\AppData\Local\Programs\MiKTeX\tex/latex/hyperref\hpdftex.def
File: hpdftex.def 2023-11-26 v7.01g Hyperref driver for pdfTeX
 (C:\Users\LENOVO\AppData\Local\Programs\MiKTeX\tex/latex/base\atveryend-ltx.sty
Package: atveryend-ltx 2020/08/19 v1.0a Emulation of the original atveryend package
with kernel methods
)
\Fld@listcount=\count306
\c@bookmark@seq@number=\count307
 (C:\Users\LENOVO\AppData\Local\Programs\MiKTeX\tex/latex/rerunfilecheck\rerunfilecheck.sty
Package: rerunfilecheck 2022-07-10 v1.10 Rerun checks for auxiliary files (HO)
 (C:\Users\LENOVO\AppData\Local\Programs\MiKTeX\tex/generic/uniquecounter\uniquecounter.sty
Package: uniquecounter 2019/12/15 v1.4 Provide unlimited unique counter (HO)
)
Package uniquecounter Info: New unique counter `rerunfilecheck' on input line 285.
)
\Hy@SectionHShift=\skip55
) (C:\Users\LENOVO\AppData\Local\Programs\MiKTeX\tex/latex/tools\indentfirst.sty
Package: indentfirst 2023/07/02 v1.03 Indent first paragraph (DPC)
) (C:\Users\LENOVO\AppData\Local\Programs\MiKTeX\tex/latex/xcolor\xcolor.sty
Package: xcolor 2023/11/15 v3.01 LaTeX color extensions (UK)
 (C:\Users\LENOVO\AppData\Local\Programs\MiKTeX\tex/latex/graphics-cfg\color.cfg
File: color.cfg 2016/01/02 v1.6 sample color configuration
)
Package xcolor Info: Driver file: pdftex.def on input line 274.
 (C:\Users\LENOVO\AppData\Local\Programs\MiKTeX\tex/latex/graphics\mathcolor.ltx)
Package xcolor Info: Model `cmy' substituted by `cmy0' on input line 1350.
Package xcolor Info: Model `hsb' substituted by `rgb' on input line 1354.
Package xcolor Info: Model `RGB' extended on input line 1366.
Package xcolor Info: Model `HTML' substituted by `rgb' on input line 1368.
Package xcolor Info: Model `Hsb' substituted by `hsb' on input line 1369.
Package xcolor Info: Model `tHsb' substituted by `hsb' on input line 1370.
Package xcolor Info: Model `HSB' substituted by `hsb' on input line 1371.
Package xcolor Info: Model `Gray' substituted by `gray' on input line 1372.
Package xcolor Info: Model `wave' substituted by `hsb' on input line 1373.
) (C:\Users\LENOVO\AppData\Local\Programs\MiKTeX\tex/latex/xassoccnt\xassoccnt.sty
Package: xassoccnt 2021/11/21 - v2.0
 (C:\Users\LENOVO\AppData\Local\Programs\MiKTeX\tex/latex/l3packages/xparse\xparse.sty (C:\Users\LENOVO\AppData\Local\Programs\MiKTeX\tex/latex/l3kernel\expl3.sty
Package: expl3 2024-01-04 L3 programming layer (loader) 
 (C:\Users\LENOVO\AppData\Local\Programs\MiKTeX\tex/latex/l3backend\l3backend-pdftex.def
File: l3backend-pdftex.def 2024-01-04 L3 backend support: PDF output (pdfTeX)
\l__color_backend_stack_int=\count308
\l__pdf_internal_box=\box66
))
Package: xparse 2023-10-10 L3 Experimental document command parser
) (C:\Users\LENOVO\AppData\Local\Programs\MiKTeX\tex/latex/l3packages/l3keys2e\l3keys2e.sty
Package: l3keys2e 2023-10-10 LaTeX2e option processing using LaTeX3 keys
)
\g__xassoccnt_tmpa_int=\count309
\l__xassoccnt_tmpa_int=\count310
\l__xassoccnt_initialcountervalue_int=\count311
\g__xassoccnt_lastcountervalue_int=\count312
\g__xassoccnt_backupcalls_int=\count313
\l__xassoccnt_backuptmpa_int=\count314
\l_xassoccnt_resetlist_counter=\count315
)
Package xassoccnt Info: 2021/11/21-v2.0--steppingcounterssimultaneouslyandotherfeatures on input line 19.
\c@totalequations=\count316
 (C:\Users\LENOVO\AppData\Local\Programs\MiKTeX\tex/latex/fancyhdr\fancyhdr.sty
Package: fancyhdr 2024/07/23 v4.3.1 Extensive control of page headers and footers
\f@nch@headwidth=\skip56
\f@nch@O@elh=\skip57
\f@nch@O@erh=\skip58
\f@nch@O@olh=\skip59
\f@nch@O@orh=\skip60
\f@nch@O@elf=\skip61
\f@nch@O@erf=\skip62
\f@nch@O@olf=\skip63
\f@nch@O@orf=\skip64
)
Package translations Info: No language package found. I am going to use `english' as default language. on input line 34.
 (main.aux)
\openout1 = `main.aux'.

LaTeX Font Info:    Checking defaults for OML/cmm/m/it on input line 34.
LaTeX Font Info:    ... okay on input line 34.
LaTeX Font Info:    Checking defaults for OMS/cmsy/m/n on input line 34.
LaTeX Font Info:    ... okay on input line 34.
LaTeX Font Info:    Checking defaults for OT1/cmr/m/n on input line 34.
LaTeX Font Info:    ... okay on input line 34.
LaTeX Font Info:    Checking defaults for T1/cmr/m/n on input line 34.
LaTeX Font Info:    ... okay on input line 34.
LaTeX Font Info:    Checking defaults for TS1/cmr/m/n on input line 34.
LaTeX Font Info:    ... okay on input line 34.
LaTeX Font Info:    Checking defaults for OMX/cmex/m/n on input line 34.
LaTeX Font Info:    ... okay on input line 34.
LaTeX Font Info:    Checking defaults for U/cmr/m/n on input line 34.
LaTeX Font Info:    ... okay on input line 34.
LaTeX Font Info:    Checking defaults for T5/cmr/m/n on input line 34.
LaTeX Font Info:    ... okay on input line 34.
LaTeX Font Info:    Checking defaults for PD1/pdf/m/n on input line 34.
LaTeX Font Info:    ... okay on input line 34.
LaTeX Font Info:    Checking defaults for PU/pdf/m/n on input line 34.
LaTeX Font Info:    ... okay on input line 34.

*geometry* driver: auto-detecting
*geometry* detected driver: pdftex
*geometry* verbose mode - [ preamble ] result:
* driver: pdftex
* paper: a4paper
* layout: <same size as paper>
* layoutoffset:(h,v)=(0.0pt,0.0pt)
* modes: 
* h-part:(L,W,R)=(42.67912pt, 512.14963pt, 42.67912pt)
* v-part:(T,H,B)=(56.9055pt, 731.23584pt, 56.9055pt)
* \paperwidth=597.50787pt
* \paperheight=845.04684pt
* \textwidth=512.14963pt
* \textheight=731.23584pt
* \oddsidemargin=-29.59087pt
* \evensidemargin=-29.59087pt
* \topmargin=-52.36449pt
* \headheight=12.0pt
* \headsep=30.0pt
* \topskip=12.0pt
* \footskip=30.0pt
* \marginparwidth=44.0pt
* \marginparsep=10.0pt
* \columnsep=10.0pt
* \skip\footins=10.8pt plus 4.0pt minus 2.0pt
* \hoffset=0.0pt
* \voffset=0.0pt
* \mag=1000
* \@twocolumnfalse
* \@twosidefalse
* \@mparswitchfalse
* \@reversemarginfalse
* (1in=72.27pt=25.4mm, 1cm=28.453pt)

(C:\Users\LENOVO\AppData\Local\Programs\MiKTeX\tex/context/base/mkii\supp-pdf.mkii
[Loading MPS to PDF converter (version 2006.09.02).]
\scratchcounter=\count317
\scratchdimen=\dimen181
\scratchbox=\box67
\nofMPsegments=\count318
\nofMParguments=\count319
\everyMPshowfont=\toks31
\MPscratchCnt=\count320
\MPscratchDim=\dimen182
\MPnumerator=\count321
\makeMPintoPDFobject=\count322
\everyMPtoPDFconversion=\toks32
) (C:\Users\LENOVO\AppData\Local\Programs\MiKTeX\tex/latex/epstopdf-pkg\epstopdf-base.sty
Package: epstopdf-base 2020-01-24 v2.11 Base part for package epstopdf
Package epstopdf-base Info: Redefining graphics rule for `.eps' on input line 485.
 (C:\Users\LENOVO\AppData\Local\Programs\MiKTeX\tex/latex/00miktex\epstopdf-sys.cfg
File: epstopdf-sys.cfg 2021/03/18 v2.0 Configuration of epstopdf for MiKTeX
))
Package caption Info: Begin \AtBeginDocument code.
Package caption Info: hyperref package is loaded.
Package caption Info: End \AtBeginDocument code.
 (C:\Users\LENOVO\AppData\Local\Programs\MiKTeX\tex/latex/translations/dicts\translations-basic-dictionary-english.trsl
File: translations-basic-dictionary-english.trsl (english translation file `translations-basic-dictionary')
)
Package translations Info: loading dictionary `translations-basic-dictionary' for `english'. on input line 34.
Package hyperref Info: Link coloring OFF on input line 34.
 (main.out) (main.out)
\@outlinefile=\write3
\openout3 = `main.out'.

LaTeX Font Info:    Trying to load font information for T5+cmss on input line 41.
 (C:\Users\LENOVO\AppData\Local\Programs\MiKTeX\tex/latex/vntex\t5cmss.fd
File: t5cmss.fd 1999/05/25 v2.5h Standard LaTeX font definitions
)

LaTeX Font Warning: Font shape `T5/cmss/b/n' undefined
(Font)              using `T5/cmss/bx/n' instead on input line 41.

(P1/P1.tex
LaTeX Font Info:    Trying to load font information for U+msa on input line 2.
 (C:\Users\LENOVO\AppData\Local\Programs\MiKTeX\tex/latex/amsfonts\umsa.fd
File: umsa.fd 2013/01/14 v3.01 AMS symbols A
)
LaTeX Font Info:    Trying to load font information for U+msb on input line 2.
 (C:\Users\LENOVO\AppData\Local\Programs\MiKTeX\tex/latex/amsfonts\umsb.fd
File: umsb.fd 2013/01/14 v3.01 AMS symbols B
)
<Figures/Problems/Fig 1.1.png, id=3, 227.34938pt x 64.74188pt>
File: Figures/Problems/Fig 1.1.png Graphic file (type png)
<use Figures/Problems/Fig 1.1.png>
Package pdftex.def Info: Figures/Problems/Fig 1.1.png  used on input line 5.
(pdftex.def)             Requested size: 179.2555pt x 51.04672pt.
<Figures/Problems/Fig 1.2.png, id=4, 193.47281pt x 61.73062pt>
File: Figures/Problems/Fig 1.2.png Graphic file (type png)
<use Figures/Problems/Fig 1.2.png>
Package pdftex.def Info: Figures/Problems/Fig 1.2.png  used on input line 12.
(pdftex.def)             Requested size: 153.64644pt x 49.02379pt.
<Figures/Problems/Fig 1.3.png, id=5, 162.6075pt x 131.74219pt>
File: Figures/Problems/Fig 1.3.png Graphic file (type png)
<use Figures/Problems/Fig 1.3.png>
Package pdftex.def Info: Figures/Problems/Fig 1.3.png  used on input line 19.
(pdftex.def)             Requested size: 153.64644pt x 124.49098pt.
) [1

{C:/Users/LENOVO/AppData/Local/MiKTeX/fonts/map/pdftex/pdftex.map} <./Figures/Problems/Fig 1.1.png> <./Figures/Problems/Fig 1.2.png> <./Figures/Problems/Fig 1.3.png>] (P2/P2.tex
<Figures/Problems/Fig 2.1.png, id=27, 490.83376pt x 342.5297pt>
File: Figures/Problems/Fig 2.1.png Graphic file (type png)
<use Figures/Problems/Fig 2.1.png>
Package pdftex.def Info: Figures/Problems/Fig 2.1.png  used on input line 4.
(pdftex.def)             Requested size: 140.83801pt x 98.28052pt.
<Figures/Problems/Fig 2.2.png, id=29, 453.94594pt x 344.78813pt>
File: Figures/Problems/Fig 2.2.png Graphic file (type png)
<use Figures/Problems/Fig 2.2.png>
Package pdftex.def Info: Figures/Problems/Fig 2.2.png  used on input line 10.
(pdftex.def)             Requested size: 281.68385pt x 213.95056pt.

Underfull \hbox (badness 10000) in paragraph at lines 6--11

 []

<Figures/Problems/Fig 2.3.png, id=30, 143.78719pt x 147.55125pt>
File: Figures/Problems/Fig 2.3.png Graphic file (type png)
<use Figures/Problems/Fig 2.3.png>
Package pdftex.def Info: Figures/Problems/Fig 2.3.png  used on input line 27.
(pdftex.def)             Requested size: 102.42836pt x 105.11333pt.

Underfull \hbox (badness 10000) in paragraph at lines 21--28

 []

<Figures/Logo 2.png, id=32, 658.71094pt x 248.42813pt>
File: Figures/Logo 2.png Graphic file (type png)
<use Figures/Logo 2.png>
Package pdftex.def Info: Figures/Logo 2.png  used on input line 40.
(pdftex.def)             Requested size: 76.8193pt x 28.96855pt.

Package fancyhdr Warning: \headheight is too small (12.0pt): 
(fancyhdr)                Make it at least 33.31859pt, for example:
(fancyhdr)                \setlength{\headheight}{33.31859pt}.
(fancyhdr)                You might also make \topmargin smaller to compensate:
(fancyhdr)                \addtolength{\topmargin}{-21.31859pt}.

[2 <./Figures/Logo 2.png> <./Figures/Problems/Fig 2.1.png> <./Figures/Problems/Fig 2.2.png> <./Figures/Problems/Fig 2.3.png>]
<Figures/Problems/Fig 2.4.png, id=46, 120.45pt x 129.48375pt>
File: Figures/Problems/Fig 2.4.png Graphic file (type png)
<use Figures/Problems/Fig 2.4.png>
Package pdftex.def Info: Figures/Problems/Fig 2.4.png  used on input line 52.
(pdftex.def)             Requested size: 102.42836pt x 110.11305pt.
<Figures/Problems/Fig 2.5.png, id=47, 191.21437pt x 199.49532pt>
File: Figures/Problems/Fig 2.5.png Graphic file (type png)
<use Figures/Problems/Fig 2.5.png>
Package pdftex.def Info: Figures/Problems/Fig 2.5.png  used on input line 75.
(pdftex.def)             Requested size: 125.47806pt x 130.91237pt.
<Figures/Problems/Fig 2.6.png, id=48, 177.66376pt x 211.54031pt>
File: Figures/Problems/Fig 2.6.png Graphic file (type png)
<use Figures/Problems/Fig 2.6.png>
Package pdftex.def Info: Figures/Problems/Fig 2.6.png  used on input line 80.
(pdftex.def)             Requested size: 125.47806pt x 149.40706pt.
File: Figures/Logo 2.png Graphic file (type png)
<use Figures/Logo 2.png>
Package pdftex.def Info: Figures/Logo 2.png  used on input line 91.
(pdftex.def)             Requested size: 76.8193pt x 28.96855pt.


Package fancyhdr Warning: \headheight is too small (12.0pt): 
(fancyhdr)                Make it at least 33.31859pt, for example:
(fancyhdr)                \setlength{\headheight}{33.31859pt}.
(fancyhdr)                You might also make \topmargin smaller to compensate:
(fancyhdr)                \addtolength{\topmargin}{-21.31859pt}.

[3 <./Figures/Problems/Fig 2.4.png> <./Figures/Problems/Fig 2.5.png> <./Figures/Problems/Fig 2.6.png>]
<Figures/Problems/Fig 2.8.png, id=65, 211.54031pt x 190.46156pt>
File: Figures/Problems/Fig 2.8.png Graphic file (type png)
<use Figures/Problems/Fig 2.8.png>
Package pdftex.def Info: Figures/Problems/Fig 2.8.png  used on input line 114.
(pdftex.def)             Requested size: 143.40126pt x 129.11688pt.
<Figures/Problems/Fig 2.9.png, id=66, 154.32657pt x 196.48407pt>
File: Figures/Problems/Fig 2.9.png Graphic file (type png)
<use Figures/Problems/Fig 2.9.png>
Package pdftex.def Info: Figures/Problems/Fig 2.9.png  used on input line 135.
(pdftex.def)             Requested size: 102.42836pt x 130.4114pt.
File: Figures/Logo 2.png Graphic file (type png)
<use Figures/Logo 2.png>
Package pdftex.def Info: Figures/Logo 2.png  used on input line 137.
(pdftex.def)             Requested size: 76.8193pt x 28.96855pt.


Package fancyhdr Warning: \headheight is too small (12.0pt): 
(fancyhdr)                Make it at least 33.31859pt, for example:
(fancyhdr)                \setlength{\headheight}{33.31859pt}.
(fancyhdr)                You might also make \topmargin smaller to compensate:
(fancyhdr)                \addtolength{\topmargin}{-21.31859pt}.

[4 <./Figures/Problems/Fig 2.8.png>]
<Figures/Problems/Fig 2.10.png, id=86, 277.78781pt x 189.70876pt>
File: Figures/Problems/Fig 2.10.png Graphic file (type png)
<use Figures/Problems/Fig 2.10.png>
Package pdftex.def Info: Figures/Problems/Fig 2.10.png  used on input line 149.
(pdftex.def)             Requested size: 204.85672pt x 139.90465pt.

Underfull \hbox (badness 10000) in paragraph at lines 145--150

 []

) (P3/P3.tex
<Figures/Problems/Fig 3.1.png, id=87, 331.99031pt x 252.945pt>
File: Figures/Problems/Fig 3.1.png Graphic file (type png)
<use Figures/Problems/Fig 3.1.png>
Package pdftex.def Info: Figures/Problems/Fig 3.1.png  used on input line 4.
(pdftex.def)             Requested size: 140.83801pt x 107.30528pt.
File: Figures/Logo 2.png Graphic file (type png)
<use Figures/Logo 2.png>
Package pdftex.def Info: Figures/Logo 2.png  used on input line 17.
(pdftex.def)             Requested size: 76.8193pt x 28.96855pt.


Package fancyhdr Warning: \headheight is too small (12.0pt): 
(fancyhdr)                Make it at least 33.31859pt, for example:
(fancyhdr)                \setlength{\headheight}{33.31859pt}.
(fancyhdr)                You might also make \topmargin smaller to compensate:
(fancyhdr)                \addtolength{\topmargin}{-21.31859pt}.

[5 <./Figures/Problems/Fig 2.9.png> <./Figures/Problems/Fig 2.10.png> <./Figures/Problems/Fig 3.1.png>]
File: Figures/Logo 2.png Graphic file (type png)
<use Figures/Logo 2.png>
Package pdftex.def Info: Figures/Logo 2.png  used on input line 61.
(pdftex.def)             Requested size: 76.8193pt x 28.96855pt.


Package fancyhdr Warning: \headheight is too small (12.0pt): 
(fancyhdr)                Make it at least 33.31859pt, for example:
(fancyhdr)                \setlength{\headheight}{33.31859pt}.
(fancyhdr)                You might also make \topmargin smaller to compensate:
(fancyhdr)                \addtolength{\topmargin}{-21.31859pt}.

[6])
File: Figures/Logo 2.png Graphic file (type png)
<use Figures/Logo 2.png>
Package pdftex.def Info: Figures/Logo 2.png  used on input line 58.
(pdftex.def)             Requested size: 76.8193pt x 28.96855pt.


Package fancyhdr Warning: \headheight is too small (12.0pt): 
(fancyhdr)                Make it at least 33.31859pt, for example:
(fancyhdr)                \setlength{\headheight}{33.31859pt}.
(fancyhdr)                You might also make \topmargin smaller to compensate:
(fancyhdr)                \addtolength{\topmargin}{-21.31859pt}.

[7]
Underfull \hbox (badness 10000) in paragraph at lines 59--60

 []

(P1/S1.tex
<Figures/Solutions/Fig 1.1.png, id=121, 266.49562pt x 48.93282pt>
File: Figures/Solutions/Fig 1.1.png Graphic file (type png)
<use Figures/Solutions/Fig 1.1.png>
Package pdftex.def Info: Figures/Solutions/Fig 1.1.png  used on input line 4.
(pdftex.def)             Requested size: 179.2555pt x 32.91472pt.

Underfull \hbox (badness 10000) in paragraph at lines 1--5

 []

<Figures/Solutions/Fig 1.2.png, id=122, 289.83281pt x 76.78688pt>
File: Figures/Solutions/Fig 1.2.png Graphic file (type png)
<use Figures/Solutions/Fig 1.2.png>
Package pdftex.def Info: Figures/Solutions/Fig 1.2.png  used on input line 9.
(pdftex.def)             Requested size: 179.2555pt x 47.49136pt.

Underfull \hbox (badness 10000) in paragraph at lines 34--36

 []

File: Figures/Logo 2.png Graphic file (type png)
<use Figures/Logo 2.png>
Package pdftex.def Info: Figures/Logo 2.png  used on input line 45.
(pdftex.def)             Requested size: 76.8193pt x 28.96855pt.

Package fancyhdr Warning: \headheight is too small (12.0pt): 
(fancyhdr)                Make it at least 33.31859pt, for example:
(fancyhdr)                \setlength{\headheight}{33.31859pt}.
(fancyhdr)                You might also make \topmargin smaller to compensate:
(fancyhdr)                \addtolength{\topmargin}{-21.31859pt}.

[8 <./Figures/Solutions/Fig 1.1.png> <./Figures/Solutions/Fig 1.2.png>]
Underfull \hbox (badness 10000) in paragraph at lines 59--61

 []

<Figures/Solutions/Fig 1.3.png, id=132, 147.55125pt x 146.04562pt>
File: Figures/Solutions/Fig 1.3.png Graphic file (type png)
<use Figures/Solutions/Fig 1.3.png>
Package pdftex.def Info: Figures/Solutions/Fig 1.3.png  used on input line 65.
(pdftex.def)             Requested size: 143.40126pt x 141.94038pt.
<Figures/Solutions/Fig 1.4.png, id=133, 323.70938pt x 166.37157pt>
File: Figures/Solutions/Fig 1.4.png Graphic file (type png)
<use Figures/Solutions/Fig 1.4.png>
Package pdftex.def Info: Figures/Solutions/Fig 1.4.png  used on input line 80.
(pdftex.def)             Requested size: 307.2929pt x 157.9429pt.
File: Figures/Logo 2.png Graphic file (type png)
<use Figures/Logo 2.png>
Package pdftex.def Info: Figures/Logo 2.png  used on input line 82.
(pdftex.def)             Requested size: 76.8193pt x 28.96855pt.

Package fancyhdr Warning: \headheight is too small (12.0pt): 
(fancyhdr)                Make it at least 33.31859pt, for example:
(fancyhdr)                \setlength{\headheight}{33.31859pt}.
(fancyhdr)                You might also make \topmargin smaller to compensate:
(fancyhdr)                \addtolength{\topmargin}{-21.31859pt}.

[9 <./Figures/Solutions/Fig 1.3.png>]) (P2/S2.tex
<Figures/Solutions/Fig 2.1.png, id=141, 133.24782pt x 158.84344pt>
File: Figures/Solutions/Fig 2.1.png Graphic file (type png)
<use Figures/Solutions/Fig 2.1.png>
Package pdftex.def Info: Figures/Solutions/Fig 2.1.png  used on input line 28.
(pdftex.def)             Requested size: 102.42836pt x 122.10864pt.
File: Figures/Logo 2.png Graphic file (type png)
<use Figures/Logo 2.png>
Package pdftex.def Info: Figures/Logo 2.png  used on input line 30.
(pdftex.def)             Requested size: 76.8193pt x 28.96855pt.


Package fancyhdr Warning: \headheight is too small (12.0pt): 
(fancyhdr)                Make it at least 33.31859pt, for example:
(fancyhdr)                \setlength{\headheight}{33.31859pt}.
(fancyhdr)                You might also make \topmargin smaller to compensate:
(fancyhdr)                \addtolength{\topmargin}{-21.31859pt}.

[10 <./Figures/Solutions/Fig 1.4.png>]
<Figures/Solutions/Fig 2.2.png, id=149, 196.48407pt x 200.24812pt>
File: Figures/Solutions/Fig 2.2.png Graphic file (type png)
<use Figures/Solutions/Fig 2.2.png>
Package pdftex.def Info: Figures/Solutions/Fig 2.2.png  used on input line 41.
(pdftex.def)             Requested size: 153.64644pt x 156.59929pt.

Underfull \hbox (badness 10000) in paragraph at lines 38--42

 []

<Figures/Solutions/Fig 2.3.png, id=150, 297.36093pt x 218.31563pt>
File: Figures/Solutions/Fig 2.3.png Graphic file (type png)
<use Figures/Solutions/Fig 2.3.png>
Package pdftex.def Info: Figures/Solutions/Fig 2.3.png  used on input line 57.
(pdftex.def)             Requested size: 225.85896pt x 165.81831pt.
<Figures/Solutions/Fig 2.4.png, id=151, 208.52907pt x 230.36063pt>
File: Figures/Solutions/Fig 2.4.png Graphic file (type png)
<use Figures/Solutions/Fig 2.4.png>
Package pdftex.def Info: Figures/Solutions/Fig 2.4.png  used on input line 62.
(pdftex.def)             Requested size: 150.5752pt x 166.3481pt.

Underfull \hbox (badness 10000) in paragraph at lines 52--64

 []

File: Figures/Logo 2.png Graphic file (type png)
<use Figures/Logo 2.png>
Package pdftex.def Info: Figures/Logo 2.png  used on input line 70.
(pdftex.def)             Requested size: 76.8193pt x 28.96855pt.

Package fancyhdr Warning: \headheight is too small (12.0pt): 
(fancyhdr)                Make it at least 33.31859pt, for example:
(fancyhdr)                \setlength{\headheight}{33.31859pt}.
(fancyhdr)                You might also make \topmargin smaller to compensate:
(fancyhdr)                \addtolength{\topmargin}{-21.31859pt}.

[11 <./Figures/Solutions/Fig 2.1.png> <./Figures/Solutions/Fig 2.2.png> <./Figures/Solutions/Fig 2.3.png> <./Figures/Solutions/Fig 2.4.png>]
<Figures/Solutions/Fig 2.5.png, id=162, 299.61937pt x 218.31563pt>
File: Figures/Solutions/Fig 2.5.png Graphic file (type png)
<use Figures/Solutions/Fig 2.5.png>
Package pdftex.def Info: Figures/Solutions/Fig 2.5.png  used on input line 86.
(pdftex.def)             Requested size: 225.85896pt x 164.57243pt.
<Figures/Solutions/Fig 2.6.png, id=163, 201.00093pt x 218.31563pt>
File: Figures/Solutions/Fig 2.6.png Graphic file (type png)
<use Figures/Solutions/Fig 2.6.png>
Package pdftex.def Info: Figures/Solutions/Fig 2.6.png  used on input line 91.
(pdftex.def)             Requested size: 150.5752pt x 163.54642pt.

Underfull \hbox (badness 10000) in paragraph at lines 81--93

 []

<Figures/Solutions/Fig 2.7.png, id=164, 210.03468pt x 132.495pt>
File: Figures/Solutions/Fig 2.7.png Graphic file (type png)
<use Figures/Solutions/Fig 2.7.png>
Package pdftex.def Info: Figures/Solutions/Fig 2.7.png  used on input line 112.
(pdftex.def)             Requested size: 143.40126pt x 90.46132pt.
File: Figures/Logo 2.png Graphic file (type png)
<use Figures/Logo 2.png>
Package pdftex.def Info: Figures/Logo 2.png  used on input line 134.
(pdftex.def)             Requested size: 76.8193pt x 28.96855pt.

Package fancyhdr Warning: \headheight is too small (12.0pt): 
(fancyhdr)                Make it at least 33.31859pt, for example:
(fancyhdr)                \setlength{\headheight}{33.31859pt}.
(fancyhdr)                You might also make \topmargin smaller to compensate:
(fancyhdr)                \addtolength{\topmargin}{-21.31859pt}.

[12 <./Figures/Solutions/Fig 2.5.png> <./Figures/Solutions/Fig 2.6.png> <./Figures/Solutions/Fig 2.7.png>]
Underfull \hbox (badness 10000) in paragraph at lines 136--137

 []

<Figures/Solutions/Fig 2.8.png, id=176, 128.73094pt x 127.97812pt>
File: Figures/Solutions/Fig 2.8.png Graphic file (type png)
<use Figures/Solutions/Fig 2.8.png>
Package pdftex.def Info: Figures/Solutions/Fig 2.8.png  used on input line 146.
(pdftex.def)             Requested size: 143.40126pt x 142.57487pt.
<Figures/Solutions/Fig 2.9.png, id=177, 116.68594pt x 147.55125pt>
File: Figures/Solutions/Fig 2.9.png Graphic file (type png)
<use Figures/Solutions/Fig 2.9.png>
Package pdftex.def Info: Figures/Solutions/Fig 2.9.png  used on input line 169.
(pdftex.def)             Requested size: 102.42836pt x 129.52803pt.
File: Figures/Logo 2.png Graphic file (type png)
<use Figures/Logo 2.png>
Package pdftex.def Info: Figures/Logo 2.png  used on input line 187.
(pdftex.def)             Requested size: 76.8193pt x 28.96855pt.

Package fancyhdr Warning: \headheight is too small (12.0pt): 
(fancyhdr)                Make it at least 33.31859pt, for example:
(fancyhdr)                \setlength{\headheight}{33.31859pt}.
(fancyhdr)                You might also make \topmargin smaller to compensate:
(fancyhdr)                \addtolength{\topmargin}{-21.31859pt}.

[13 <./Figures/Solutions/Fig 2.8.png> <./Figures/Solutions/Fig 2.9.png>]) (P3/S3.tex
File: Figures/Logo 2.png Graphic file (type png)
<use Figures/Logo 2.png>
Package pdftex.def Info: Figures/Logo 2.png  used on input line 37.
(pdftex.def)             Requested size: 76.8193pt x 28.96855pt.


Package fancyhdr Warning: \headheight is too small (12.0pt): 
(fancyhdr)                Make it at least 33.31859pt, for example:
(fancyhdr)                \setlength{\headheight}{33.31859pt}.
(fancyhdr)                You might also make \topmargin smaller to compensate:
(fancyhdr)                \addtolength{\topmargin}{-21.31859pt}.

[14]
<Figures/Solutions/Fig 3.1.png, id=194, 325.96782pt x 206.27063pt>
File: Figures/Solutions/Fig 3.1.png Graphic file (type png)
<use Figures/Solutions/Fig 3.1.png>
Package pdftex.def Info: Figures/Solutions/Fig 3.1.png  used on input line 50.
(pdftex.def)             Requested size: 256.07481pt x 162.05498pt.
)
File: Figures/Logo 2.png Graphic file (type png)
<use Figures/Logo 2.png>
Package pdftex.def Info: Figures/Logo 2.png  used on input line 74.
(pdftex.def)             Requested size: 76.8193pt x 28.96855pt.


Package fancyhdr Warning: \headheight is too small (12.0pt): 
(fancyhdr)                Make it at least 33.31859pt, for example:
(fancyhdr)                \setlength{\headheight}{33.31859pt}.
(fancyhdr)                You might also make \topmargin smaller to compensate:
(fancyhdr)                \addtolength{\topmargin}{-21.31859pt}.

[15 <./Figures/Solutions/Fig 3.1.png>] (main.aux)
 ***********
LaTeX2e <2023-11-01> patch level 1
L3 programming layer <2024-01-04>
 ***********
Package rerunfilecheck Info: File `main.out' has not changed.
(rerunfilecheck)             Checksum: D41D8CD98F00B204E9800998ECF8427E;0.
 ) 
Here is how much of TeX's memory you used:
 18666 strings out of 474486
 374533 string characters out of 5743283
 1939542 words of memory out of 5000000
 40637 multiletter control sequences out of 15000+600000
 573750 words of font info for 66 fonts, out of 8000000 for 9000
 1141 hyphenation exceptions out of 8191
 79i,16n,93p,845b,996s stack positions out of 10000i,1000n,20000p,200000b,200000s
 <C:\Users\LENOVO\AppData\Local\MiKTeX\fonts/pk/ljfour/jknappen/ec/dpi600\tcrm1200.pk><C:/Users/LENOVO/AppData/Local/Programs/MiKTeX/fonts/type1/public/amsfonts/cm/cmex10.pfb><C:/Users/LENOVO/AppData/Local/Programs/MiKTeX/fonts/type1/public/amsfonts/cm/cmmi12.pfb><C:/Users/LENOVO/AppData/Local/Programs/MiKTeX/fonts/type1/public/amsfonts/cm/cmmi6.pfb><C:/Users/LENOVO/AppData/Local/Programs/MiKTeX/fonts/type1/public/amsfonts/cm/cmmi8.pfb><C:/Users/LENOVO/AppData/Local/Programs/MiKTeX/fonts/type1/public/amsfonts/cm/cmr12.pfb><C:/Users/LENOVO/AppData/Local/Programs/MiKTeX/fonts/type1/public/amsfonts/cm/cmr6.pfb><C:/Users/LENOVO/AppData/Local/Programs/MiKTeX/fonts/type1/public/amsfonts/cm/cmr8.pfb><C:/Users/LENOVO/AppData/Local/Programs/MiKTeX/fonts/type1/public/amsfonts/cm/cmsy10.pfb><C:/Users/LENOVO/AppData/Local/Programs/MiKTeX/fonts/type1/public/amsfonts/cm/cmsy8.pfb><C:/Users/LENOVO/AppData/Local/Programs/MiKTeX/fonts/type1/vntex/vnr/vnbx12.pfb><C:/Users/LENOVO/AppData/Local/Programs/MiKTeX/fonts/type1/vntex/vnr/vnr12.pfb><C:/Users/LENOVO/AppData/Local/Programs/MiKTeX/fonts/type1/vntex/vnr/vnr8.pfb><C:/Users/LENOVO/AppData/Local/Programs/MiKTeX/fonts/type1/vntex/vnr/vnssbx10.pfb>
Output written on main.pdf (15 pages, 1707121 bytes).
PDF statistics:
 279 PDF objects out of 1000 (max. 8388607)
 82 named destinations out of 1000 (max. 500000)
 141 words of extra memory for PDF output out of 10000 (max. 10000000)

